<?xml version="1.0" encoding="UTF-8"?>
<testsuite xmlns:xsi="http://www.w3.org/2001/XMLSchema-instance" xsi:noNamespaceSchemaLocation="https://maven.apache.org/surefire/maven-surefire-plugin/xsd/surefire-test-report.xsd" name="TestSpringReids" time="0.057" tests="1" errors="1" skipped="0" failures="0">
  <properties>
[...]
</properties>
  <testcase name="test1" classname="TestSpringReids" time="0.005">
    <error type="java.lang.NullPointerException">java.lang.NullPointerException
	at TestSpringReids.test1(TestSpringReids.java:15)
</error>
  </testcase>
</testsuite>